[18:26:41] [Client thread/INFO] [JMLogger] JourneyMap log initialized.
[18:26:41] [Client thread/INFO] [JourneymapClient] ensureCurrent ENTER
[18:26:42] [Client thread/INFO] [PropertiesBase] Loaded CoreProperties from C:\Users\Steve\AppData\Roaming\.minecraft\journeymap\config\5.1\journeymap.core.config
[18:26:42] [Client thread/INFO] [PropertiesBase] Loaded FullMapProperties from C:\Users\Steve\AppData\Roaming\.minecraft\journeymap\config\5.1\journeymap.fullmap.config
[18:26:42] [Client thread/INFO] [PropertiesBase] Loaded MiniMapProperties from C:\Users\Steve\AppData\Roaming\.minecraft\journeymap\config\5.1\journeymap.minimap.config
[18:26:42] [Client thread/INFO] [PropertiesBase] Loaded MiniMapProperties2 from C:\Users\Steve\AppData\Roaming\.minecraft\journeymap\config\5.1\journeymap.minimap2.config
[18:26:42] [Client thread/INFO] [PropertiesBase] Loaded WebMapProperties from C:\Users\Steve\AppData\Roaming\.minecraft\journeymap\config\5.1\journeymap.webmap.config
[18:26:42] [Client thread/INFO] [PropertiesBase] Loaded WaypointProperties from C:\Users\Steve\AppData\Roaming\.minecraft\journeymap\config\5.1\journeymap.waypoint.config
[18:26:42] [Client thread/INFO] [?] Version: JourneyMap 5.1.1 Unlimited, built with Forge 10.13.4.1558
Forge: 10.13.4.1566
Environment: os.name, os.arch, java.version, user.country, user.language=null, game language=en_US, locale=en_us
Unlimited Features: 
	RadarPlayers : singleplayer = true , multiplayer = true
	RadarAnimals : singleplayer = true , multiplayer = true
	RadarMobs : singleplayer = true , multiplayer = true
	RadarVillagers : singleplayer = true , multiplayer = true
	MapCaves : singleplayer = true , multiplayer = true
MiniMapProperties{entityIconSetName=2D, showAnimals=true, showMobs=true, showPets=true, showPlayers=true, showSelf=true, showVillagers=true, showWaypoints=true, zoomLevel=0, fontScale=1, locationFormat=xzyv, locationFormatVerbose=true, showCaves=true, showWaypointLabels=true, showMobHeading=true, showPlayerHeading=true, textureSmall=true, active=true, compassFontScale=1, enabled=true, frameAlpha=100, name=minimap, orientation=North, position=Top Right, preferredMapType=day, reticleOrientation=Compass, shape=Circle, showBiome=true, showCompass=true, showFps=false, showLocation=true, showReticle=true, sizePercent=30, terrainAlpha=100}
MiniMapProperties2{enabled=true, shape=Rectangle, position=Top Center, showFps=false, showBiome=true, showLocation=true, showWaypointLabels=true, sizePercent=30, frameAlpha=60, terrainAlpha=60, orientation=My Heading, compassFontScale=1, showCompass=true, showReticle=true, reticleOrientation=Compass, preferredMapType=day, name=minimap2, id=2}
FullMapProperties{entityIconSetName=2D, showAnimals=true, showMobs=true, showPets=true, showPlayers=true, showSelf=true, showVillagers=true, showWaypoints=true, zoomLevel=0, fontScale=1, locationFormat=xzyv, locationFormatVerbose=true, showCaves=true, showWaypointLabels=true, showMobHeading=true, showPlayerHeading=true, textureSmall=true, preferredMapType=day, showGrid=true}
WaypointProperties{autoHideLabel=true, beaconEnabled=true, boldLabel=false, createDeathpoints=true, fontScale=2, managerEnabled=true, maxDistance=0, name=waypoint, showDistance=true, showName=true, showRotatingBeam=true, showStaticBeam=true, showTexture=true, textureSmall=true}
WebMapProperties: , enabled=false, port=8080, showMobs=true, showAnimals=true, showVillagers=true, showPets=true, showPlayers=true, showWaypoints=true, entityIconSetName=2D
CoreProperties{announceMod=true, autoMapPoll=2000, browserPoll=2000, cacheAnimalsData=3100, cacheMobsData=3000, cachePlayerData=1000, cachePlayersData=2000, cacheVillagersData=2200, caveIgnoreGlass=true, isUpdateCheckEnabled=true, renderDelay=2, hideSneakingEntities=true, logLevel=INFO, mapAntialiasing=true, mapBathymetry=false, mapCaveLighting=true, mapCrops=true, mapPlants=false, mapPlantShadows=false, mapSurfaceAboveCaves=true, tileHighDisplayQuality=true, mapTransparency=true, maxAnimalsData=32, maxMobsData=32, maxPlayersData=32, maxVillagersData=32, optionsManagerViewed=, radarLateralDistance=64, radarVerticalDistance=16, recordCacheStats=false, renderOverlayEventTypeName=ALL, renderOverlayPreEvent=true, renderDistanceCaveMin=3, renderDistanceCaveMax=3, renderDistanceSurfaceMin=4, renderDistanceSurfaceMax=7, revealShape=Circle, themeName=Victorian, tileRenderType=1}
[18:26:42] [Client thread/INFO] [JourneymapClient] ensureCurrent EXIT, elapsed§8 count §r1§8 avg §r226.48§8ms§r
[18:26:43] [Client thread/INFO] [JourneymapClient] postInitialize ENTER
[18:26:43] [Client thread/DEBUG] [EventHandlerManager] journeymap.client.forge.event.ChatEventHandler registered in MinecraftForgeBus
[18:26:43] [Client thread/DEBUG] [EventHandlerManager] journeymap.client.forge.event.StateTickHandler registered in FMLCommonHandlerBus
[18:26:43] [Client thread/DEBUG] [EventHandlerManager] journeymap.client.forge.event.WorldEventHandler registered in MinecraftForgeBus
[18:26:43] [Client thread/DEBUG] [EventHandlerManager] journeymap.client.forge.event.ChunkUpdateHandler registered in MinecraftForgeBus
[18:26:43] [Client thread/DEBUG] [EventHandlerManager] journeymap.client.forge.event.WaypointBeaconHandler registered in MinecraftForgeBus
[18:26:43] [Client thread/DEBUG] [EventHandlerManager] journeymap.client.forge.event.TextureAtlasHandler registered in MinecraftForgeBus
[18:26:43] [Client thread/INFO] [WorldInfoHandler] Registered channel: world_info
[18:26:43] [Client thread/DEBUG] [EventHandlerManager] journeymap.client.forge.event.MiniMapOverlayHandler registered in MinecraftForgeBus
[18:26:43] [Client thread/DEBUG] [EventHandlerManager] journeymap.client.forge.event.KeyEventHandler registered in FMLCommonHandlerBus
[18:26:43] [Client thread/INFO] [IconSetFileHandler] Initializing icon sets...
[18:26:44] [Client thread/TRACE] [ThemeFileHandler] Initializing themes ...
[18:26:44] [Client thread/DEBUG] [PropertiesBase] Saved journeymap.webmap.config
[18:26:44] [Client thread/INFO] [JourneymapClient] postInitialize EXIT, elapsed§8 count §r1§8 avg §r460.13§8ms§r
[18:26:44] [JM-VersionCheck-1/INFO] [VersionCheck$1] Newer version online: JourneyMap 5.1.3 for Minecraft 1.7.10 on http://minecraft.curseforge.com/projects/journeymap-32274/files/2269314
[18:26:53] [Client thread/WARN] [BlockMD] Can't find UID for block powercrystals.netherores.world.BlockHellfish@6ad1edb2
[18:26:53] [Client thread/INFO] [BlockMD] Built BlockMD cache (1957) : BlockMD.reset count 1 avg 60.95ms
[18:26:53] [Client thread/INFO] [ColorHelper_1_7_10] initBlocksTexture: 48.143149ms
[18:26:53] [Client thread/INFO] [ColorPalette] Existing color palette's resource packs and mod names match current loadout.
[18:26:53] [Client thread/INFO] [ColorManager] Existing color palette loaded 1851 colors in 22ms from file: C:\Users\Steve\AppData\Roaming\.minecraft\journeymap\colorpalette.json
[18:26:53] [Client thread/WARN] [BlockMD] Can't find UID for block powercrystals.netherores.world.BlockHellfish@6ad1edb2
[18:26:53] [Client thread/INFO] [ColorHelper_1_7_10] initBlocksTexture: 49.835682ms
[18:26:53] [Client thread/INFO] [ColorManager] Initialized 9 block colors from resource packs in 58ms
[18:26:53] [Client thread/WARN] [BlockMD] Can't find UID for block powercrystals.netherores.world.BlockHellfish@6ad1edb2
[18:26:53] [Client thread/INFO] [ColorPalette] Color palette file generated with 1851 colors in 47ms for: C:\Users\Steve\AppData\Roaming\.minecraft\journeymap\colorpalette.json
[18:26:58] [Client thread/INFO] [WorldInfoHandler] Requesting World ID
[18:27:03] [Client thread/INFO] [WorldInfoHandler$WorldIdListener] Got the World ID from server: f8f2431f-2cd6-4083-8947-4b4c7e160e93
[18:27:03] [Client thread/INFO] [JourneymapClient] World UID is set to: f8f2431f-2cd6-4083-8947-4b4c7e160e93
[18:27:04] [Client thread/INFO] [WaypointStore] Loaded 0 waypoints from C:\Users\Steve\AppData\Roaming\.minecraft\journeymap\data\mp\Minecraft~Server_f8f2431f~2cd6~4083~8947~4b4c7e160e93\waypoints
[18:27:04] [Client thread/INFO] [JourneymapClient] Mapping started in C:\Users\Steve\AppData\Roaming\.minecraft\journeymap\data\mp\Minecraft~Server_f8f2431f~2cd6~4083~8947~4b4c7e160e93\DIM0. Memory: 691MB total, 232MB free 
[18:27:04] [Client thread/INFO] [ChatLog] JourneyMap: Press [J]
[18:27:04] [Client thread/INFO] [WorldInfoHandler$WorldIdListener] Got the World ID from server: f8f2431f-2cd6-4083-8947-4b4c7e160e93
[18:27:04] [Client thread/INFO] [JourneymapClient] World UID hasn't changed: f8f2431f-2cd6-4083-8947-4b4c7e160e93
[18:27:06] [Client thread/WARN] [FileHandler] Icon Set asset not found: /assets/journeymap/icon/entity/2D/mocreatures/textures/models/ratb.png
[18:27:06] [Client thread/WARN] [FileHandler] Icon Set asset not found: /assets/journeymap/icon/entity/2D/mocreatures/textures/models/wereblank.png
[18:27:09] [Client thread/INFO] [JourneymapClient] Mapping halted in C:\Users\Steve\AppData\Roaming\.minecraft\journeymap\data\mp\Minecraft~Server_f8f2431f~2cd6~4083~8947~4b4c7e160e93\DIM0
